-------------------------------------------------------------------------------
Test set: marcosoft.UsdTest
-------------------------------------------------------------------------------
Tests run: 1, Failures: 0, Errors: 1, Skipped: 0, Time elapsed: 0.196 s <<< FAILURE! - in marcosoft.UsdTest
should_Return_CorrectResponse(marcosoft.UsdTest)  Time elapsed: 0.195 s  <<< ERROR!
java.lang.IllegalArgumentException: URI with undefined scheme
	at marcosoft.UsdTest.should_Return_CorrectResponse(UsdTest.java:26)

